Start testing: Aug 25 19:43 AEST
----------------------------------------------------------
1/6 Testing: copyright
1/6 Test: copyright
Command: "/usr/bin/python3" "-u" "/opt/ros/jazzy/share/ament_cmake_test/cmake/run_test.py" "/home/dylan-george/ros2_ws/build/examples_rclcpp_multithreaded_executor/test_results/examples_rclcpp_multithreaded_executor/copyright.xunit.xml" "--package-name" "examples_rclcpp_multithreaded_executor" "--output-file" "/home/dylan-george/ros2_ws/build/examples_rclcpp_multithreaded_executor/ament_copyright/copyright.txt" "--command" "/opt/ros/jazzy/bin/ament_copyright" "--xunit-file" "/home/dylan-george/ros2_ws/build/examples_rclcpp_multithreaded_executor/test_results/examples_rclcpp_multithreaded_executor/copyright.xunit.xml"
Directory: /home/dylan-george/ros2_ws/src/examples/rclcpp/executors/multithreaded_executor
"copyright" start time: Aug 25 19:43 AEST
Output:
----------------------------------------------------------
-- run_test.py: invoking following command in '/home/dylan-george/ros2_ws/src/examples/rclcpp/executors/multithreaded_executor':
 - /opt/ros/jazzy/bin/ament_copyright --xunit-file /home/dylan-george/ros2_ws/build/examples_rclcpp_multithreaded_executor/test_results/examples_rclcpp_multithreaded_executor/copyright.xunit.xml
No problems found, checked 1 files
-- run_test.py: return code 0
-- run_test.py: verify result file '/home/dylan-george/ros2_ws/build/examples_rclcpp_multithreaded_executor/test_results/examples_rclcpp_multithreaded_executor/copyright.xunit.xml'
<end of output>
Test time =   0.64 sec
----------------------------------------------------------
Test Passed.
"copyright" end time: Aug 25 19:43 AEST
"copyright" time elapsed: 00:00:00
----------------------------------------------------------

2/6 Testing: cppcheck
2/6 Test: cppcheck
Command: "/usr/bin/python3" "-u" "/opt/ros/jazzy/share/ament_cmake_test/cmake/run_test.py" "/home/dylan-george/ros2_ws/build/examples_rclcpp_multithreaded_executor/test_results/examples_rclcpp_multithreaded_executor/cppcheck.xunit.xml" "--package-name" "examples_rclcpp_multithreaded_executor" "--output-file" "/home/dylan-george/ros2_ws/build/examples_rclcpp_multithreaded_executor/ament_cppcheck/cppcheck.txt" "--command" "/opt/ros/jazzy/bin/ament_cppcheck" "--xunit-file" "/home/dylan-george/ros2_ws/build/examples_rclcpp_multithreaded_executor/test_results/examples_rclcpp_multithreaded_executor/cppcheck.xunit.xml"
Directory: /home/dylan-george/ros2_ws/src/examples/rclcpp/executors/multithreaded_executor
"cppcheck" start time: Aug 25 19:43 AEST
Output:
----------------------------------------------------------
-- run_test.py: invoking following command in '/home/dylan-george/ros2_ws/src/examples/rclcpp/executors/multithreaded_executor':
 - /opt/ros/jazzy/bin/ament_cppcheck --xunit-file /home/dylan-george/ros2_ws/build/examples_rclcpp_multithreaded_executor/test_results/examples_rclcpp_multithreaded_executor/cppcheck.xunit.xml
cppcheck 2.13.0 has known performance issues and therefore will not be used, set the AMENT_CPPCHECK_ALLOW_SLOW_VERSIONS environment variable to override this.
-- run_test.py: return code 0
-- run_test.py: verify result file '/home/dylan-george/ros2_ws/build/examples_rclcpp_multithreaded_executor/test_results/examples_rclcpp_multithreaded_executor/cppcheck.xunit.xml'
<end of output>
Test time =   0.38 sec
----------------------------------------------------------
Test Passed.
"cppcheck" end time: Aug 25 19:43 AEST
"cppcheck" time elapsed: 00:00:00
----------------------------------------------------------

3/6 Testing: cpplint
3/6 Test: cpplint
Command: "/usr/bin/python3" "-u" "/opt/ros/jazzy/share/ament_cmake_test/cmake/run_test.py" "/home/dylan-george/ros2_ws/build/examples_rclcpp_multithreaded_executor/test_results/examples_rclcpp_multithreaded_executor/cpplint.xunit.xml" "--package-name" "examples_rclcpp_multithreaded_executor" "--output-file" "/home/dylan-george/ros2_ws/build/examples_rclcpp_multithreaded_executor/ament_cpplint/cpplint.txt" "--command" "/opt/ros/jazzy/bin/ament_cpplint" "--xunit-file" "/home/dylan-george/ros2_ws/build/examples_rclcpp_multithreaded_executor/test_results/examples_rclcpp_multithreaded_executor/cpplint.xunit.xml"
Directory: /home/dylan-george/ros2_ws/src/examples/rclcpp/executors/multithreaded_executor
"cpplint" start time: Aug 25 19:43 AEST
Output:
----------------------------------------------------------
-- run_test.py: invoking following command in '/home/dylan-george/ros2_ws/src/examples/rclcpp/executors/multithreaded_executor':
 - /opt/ros/jazzy/bin/ament_cpplint --xunit-file /home/dylan-george/ros2_ws/build/examples_rclcpp_multithreaded_executor/test_results/examples_rclcpp_multithreaded_executor/cpplint.xunit.xml
Using '--root=..' argument

Done processing /home/dylan-george/ros2_ws/src/examples/rclcpp/executors/multithreaded_executor/multithreaded_executor.cpp

No problems found
-- run_test.py: return code 0
-- run_test.py: verify result file '/home/dylan-george/ros2_ws/build/examples_rclcpp_multithreaded_executor/test_results/examples_rclcpp_multithreaded_executor/cpplint.xunit.xml'
<end of output>
Test time =   0.64 sec
----------------------------------------------------------
Test Passed.
"cpplint" end time: Aug 25 19:43 AEST
"cpplint" time elapsed: 00:00:00
----------------------------------------------------------

4/6 Testing: lint_cmake
4/6 Test: lint_cmake
Command: "/usr/bin/python3" "-u" "/opt/ros/jazzy/share/ament_cmake_test/cmake/run_test.py" "/home/dylan-george/ros2_ws/build/examples_rclcpp_multithreaded_executor/test_results/examples_rclcpp_multithreaded_executor/lint_cmake.xunit.xml" "--package-name" "examples_rclcpp_multithreaded_executor" "--output-file" "/home/dylan-george/ros2_ws/build/examples_rclcpp_multithreaded_executor/ament_lint_cmake/lint_cmake.txt" "--command" "/opt/ros/jazzy/bin/ament_lint_cmake" "--xunit-file" "/home/dylan-george/ros2_ws/build/examples_rclcpp_multithreaded_executor/test_results/examples_rclcpp_multithreaded_executor/lint_cmake.xunit.xml"
Directory: /home/dylan-george/ros2_ws/src/examples/rclcpp/executors/multithreaded_executor
"lint_cmake" start time: Aug 25 19:43 AEST
Output:
----------------------------------------------------------
-- run_test.py: invoking following command in '/home/dylan-george/ros2_ws/src/examples/rclcpp/executors/multithreaded_executor':
 - /opt/ros/jazzy/bin/ament_lint_cmake --xunit-file /home/dylan-george/ros2_ws/build/examples_rclcpp_multithreaded_executor/test_results/examples_rclcpp_multithreaded_executor/lint_cmake.xunit.xml

No problems found
-- run_test.py: return code 0
-- run_test.py: verify result file '/home/dylan-george/ros2_ws/build/examples_rclcpp_multithreaded_executor/test_results/examples_rclcpp_multithreaded_executor/lint_cmake.xunit.xml'
<end of output>
Test time =   0.40 sec
----------------------------------------------------------
Test Passed.
"lint_cmake" end time: Aug 25 19:43 AEST
"lint_cmake" time elapsed: 00:00:00
----------------------------------------------------------

5/6 Testing: uncrustify
5/6 Test: uncrustify
Command: "/usr/bin/python3" "-u" "/opt/ros/jazzy/share/ament_cmake_test/cmake/run_test.py" "/home/dylan-george/ros2_ws/build/examples_rclcpp_multithreaded_executor/test_results/examples_rclcpp_multithreaded_executor/uncrustify.xunit.xml" "--package-name" "examples_rclcpp_multithreaded_executor" "--output-file" "/home/dylan-george/ros2_ws/build/examples_rclcpp_multithreaded_executor/ament_uncrustify/uncrustify.txt" "--command" "/opt/ros/jazzy/bin/ament_uncrustify" "--xunit-file" "/home/dylan-george/ros2_ws/build/examples_rclcpp_multithreaded_executor/test_results/examples_rclcpp_multithreaded_executor/uncrustify.xunit.xml"
Directory: /home/dylan-george/ros2_ws/src/examples/rclcpp/executors/multithreaded_executor
"uncrustify" start time: Aug 25 19:43 AEST
Output:
----------------------------------------------------------
-- run_test.py: invoking following command in '/home/dylan-george/ros2_ws/src/examples/rclcpp/executors/multithreaded_executor':
 - /opt/ros/jazzy/bin/ament_uncrustify --xunit-file /home/dylan-george/ros2_ws/build/examples_rclcpp_multithreaded_executor/test_results/examples_rclcpp_multithreaded_executor/uncrustify.xunit.xml
No code style divergence in file 'multithreaded_executor.cpp'

No problems found
-- run_test.py: return code 0
-- run_test.py: verify result file '/home/dylan-george/ros2_ws/build/examples_rclcpp_multithreaded_executor/test_results/examples_rclcpp_multithreaded_executor/uncrustify.xunit.xml'
<end of output>
Test time =   0.46 sec
----------------------------------------------------------
Test Passed.
"uncrustify" end time: Aug 25 19:43 AEST
"uncrustify" time elapsed: 00:00:00
----------------------------------------------------------

6/6 Testing: xmllint
6/6 Test: xmllint
Command: "/usr/bin/python3" "-u" "/opt/ros/jazzy/share/ament_cmake_test/cmake/run_test.py" "/home/dylan-george/ros2_ws/build/examples_rclcpp_multithreaded_executor/test_results/examples_rclcpp_multithreaded_executor/xmllint.xunit.xml" "--package-name" "examples_rclcpp_multithreaded_executor" "--output-file" "/home/dylan-george/ros2_ws/build/examples_rclcpp_multithreaded_executor/ament_xmllint/xmllint.txt" "--command" "/opt/ros/jazzy/bin/ament_xmllint" "--xunit-file" "/home/dylan-george/ros2_ws/build/examples_rclcpp_multithreaded_executor/test_results/examples_rclcpp_multithreaded_executor/xmllint.xunit.xml"
Directory: /home/dylan-george/ros2_ws/src/examples/rclcpp/executors/multithreaded_executor
"xmllint" start time: Aug 25 19:43 AEST
Output:
----------------------------------------------------------
-- run_test.py: invoking following command in '/home/dylan-george/ros2_ws/src/examples/rclcpp/executors/multithreaded_executor':
 - /opt/ros/jazzy/bin/ament_xmllint --xunit-file /home/dylan-george/ros2_ws/build/examples_rclcpp_multithreaded_executor/test_results/examples_rclcpp_multithreaded_executor/xmllint.xunit.xml
File 'package.xml' is valid

No problems found
-- run_test.py: return code 0
-- run_test.py: verify result file '/home/dylan-george/ros2_ws/build/examples_rclcpp_multithreaded_executor/test_results/examples_rclcpp_multithreaded_executor/xmllint.xunit.xml'
<end of output>
Test time =   0.95 sec
----------------------------------------------------------
Test Passed.
"xmllint" end time: Aug 25 19:43 AEST
"xmllint" time elapsed: 00:00:00
----------------------------------------------------------

End testing: Aug 25 19:43 AEST

copyright =   0.64 sec*proc

cppcheck =   0.38 sec*proc

cpplint =   0.64 sec*proc

lint_cmake =   0.40 sec*proc

linter =   3.47 sec*proc

uncrustify =   0.46 sec*proc

xmllint =   0.95 sec*proc

