<?xml version="1.0" encoding="UTF-8"?>
<Site BuildName="(empty)"
	BuildStamp="20250825-0943-Experimental"
	Name="dylan-george-HP-ENVY-Laptop-13-aq1xxx"
	Generator="ctest-3.28.3"
	CompilerName="/usr/bin/c++"
	CompilerVersion="13.3.0"
	OSName="Linux"
	Hostname="dylan-george-HP-ENVY-Laptop-13-aq1xxx"
	OSRelease="6.14.0-24-generic"
	OSVersion="#24~24.04.3-Ubuntu SMP PREEMPT_DYNAMIC Mon Jul  7 16:39:17 UTC 2"
	OSPlatform="x86_64"
	Is64Bits="1"
	VendorString="GenuineIntel"
	VendorID="Intel Corporation"
	FamilyID="6"
	ModelID="142"
	ProcessorCacheSize="8192"
	NumberOfLogicalCPU="8"
	NumberOfPhysicalCPU="4"
	TotalVirtualMemory="4095"
	TotalPhysicalMemory="7634"
	LogicalProcessorsPerPhysical="2"
	ProcessorClockFrequency="1299.99"
	>
	<Testing>
		<StartDateTime>Aug 25 19:43 AEST</StartDateTime>
		<StartTestTime>1756114996</StartTestTime>
		<TestList>
			<Test>./copyright</Test>
			<Test>./cppcheck</Test>
			<Test>./cpplint</Test>
			<Test>./lint_cmake</Test>
			<Test>./uncrustify</Test>
			<Test>./xmllint</Test>
		</TestList>
		<Test Status="passed">
			<Name>copyright</Name>
			<Path>.</Path>
			<FullName>./copyright</FullName>
			<FullCommandLine>/usr/bin/python3 "-u" "/opt/ros/jazzy/share/ament_cmake_test/cmake/run_test.py" "/home/dylan-george/ros2_ws/build/examples_rclcpp_minimal_action_server/test_results/examples_rclcpp_minimal_action_server/copyright.xunit.xml" "--package-name" "examples_rclcpp_minimal_action_server" "--output-file" "/home/dylan-george/ros2_ws/build/examples_rclcpp_minimal_action_server/ament_copyright/copyright.txt" "--command" "/opt/ros/jazzy/bin/ament_copyright" "--xunit-file" "/home/dylan-george/ros2_ws/build/examples_rclcpp_minimal_action_server/test_results/examples_rclcpp_minimal_action_server/copyright.xunit.xml"</FullCommandLine>
			<Results>
				<NamedMeasurement type="numeric/double" name="Execution Time">
					<Value>0.938547</Value>
				</NamedMeasurement>
				<NamedMeasurement type="numeric/double" name="Processors">
					<Value>1</Value>
				</NamedMeasurement>
				<NamedMeasurement type="text/string" name="Completion Status">
					<Value>Completed</Value>
				</NamedMeasurement>
				<NamedMeasurement type="text/string" name="Command Line">
					<Value>/usr/bin/python3 "-u" "/opt/ros/jazzy/share/ament_cmake_test/cmake/run_test.py" "/home/dylan-george/ros2_ws/build/examples_rclcpp_minimal_action_server/test_results/examples_rclcpp_minimal_action_server/copyright.xunit.xml" "--package-name" "examples_rclcpp_minimal_action_server" "--output-file" "/home/dylan-george/ros2_ws/build/examples_rclcpp_minimal_action_server/ament_copyright/copyright.txt" "--command" "/opt/ros/jazzy/bin/ament_copyright" "--xunit-file" "/home/dylan-george/ros2_ws/build/examples_rclcpp_minimal_action_server/test_results/examples_rclcpp_minimal_action_server/copyright.xunit.xml"</Value>
				</NamedMeasurement>
				<NamedMeasurement type="text/string" name="Environment">
					<Value>#CTEST_RESOURCE_GROUP_COUNT=</Value>
				</NamedMeasurement>
				<Measurement>
					<Value>-- run_test.py: invoking following command in '/home/dylan-george/ros2_ws/src/examples/rclcpp/actions/minimal_action_server':
 - /opt/ros/jazzy/bin/ament_copyright --xunit-file /home/dylan-george/ros2_ws/build/examples_rclcpp_minimal_action_server/test_results/examples_rclcpp_minimal_action_server/copyright.xunit.xml
No problems found, checked 2 files
-- run_test.py: return code 0
-- run_test.py: verify result file '/home/dylan-george/ros2_ws/build/examples_rclcpp_minimal_action_server/test_results/examples_rclcpp_minimal_action_server/copyright.xunit.xml'
</Value>
				</Measurement>
			</Results>
			<Labels>
				<Label>copyright</Label>
				<Label>linter</Label>
			</Labels>
		</Test>
		<Test Status="passed">
			<Name>cppcheck</Name>
			<Path>.</Path>
			<FullName>./cppcheck</FullName>
			<FullCommandLine>/usr/bin/python3 "-u" "/opt/ros/jazzy/share/ament_cmake_test/cmake/run_test.py" "/home/dylan-george/ros2_ws/build/examples_rclcpp_minimal_action_server/test_results/examples_rclcpp_minimal_action_server/cppcheck.xunit.xml" "--package-name" "examples_rclcpp_minimal_action_server" "--output-file" "/home/dylan-george/ros2_ws/build/examples_rclcpp_minimal_action_server/ament_cppcheck/cppcheck.txt" "--command" "/opt/ros/jazzy/bin/ament_cppcheck" "--xunit-file" "/home/dylan-george/ros2_ws/build/examples_rclcpp_minimal_action_server/test_results/examples_rclcpp_minimal_action_server/cppcheck.xunit.xml"</FullCommandLine>
			<Results>
				<NamedMeasurement type="numeric/double" name="Execution Time">
					<Value>0.387942</Value>
				</NamedMeasurement>
				<NamedMeasurement type="numeric/double" name="Processors">
					<Value>1</Value>
				</NamedMeasurement>
				<NamedMeasurement type="text/string" name="Completion Status">
					<Value>Completed</Value>
				</NamedMeasurement>
				<NamedMeasurement type="text/string" name="Command Line">
					<Value>/usr/bin/python3 "-u" "/opt/ros/jazzy/share/ament_cmake_test/cmake/run_test.py" "/home/dylan-george/ros2_ws/build/examples_rclcpp_minimal_action_server/test_results/examples_rclcpp_minimal_action_server/cppcheck.xunit.xml" "--package-name" "examples_rclcpp_minimal_action_server" "--output-file" "/home/dylan-george/ros2_ws/build/examples_rclcpp_minimal_action_server/ament_cppcheck/cppcheck.txt" "--command" "/opt/ros/jazzy/bin/ament_cppcheck" "--xunit-file" "/home/dylan-george/ros2_ws/build/examples_rclcpp_minimal_action_server/test_results/examples_rclcpp_minimal_action_server/cppcheck.xunit.xml"</Value>
				</NamedMeasurement>
				<NamedMeasurement type="text/string" name="Environment">
					<Value>#CTEST_RESOURCE_GROUP_COUNT=</Value>
				</NamedMeasurement>
				<Measurement>
					<Value>-- run_test.py: invoking following command in '/home/dylan-george/ros2_ws/src/examples/rclcpp/actions/minimal_action_server':
 - /opt/ros/jazzy/bin/ament_cppcheck --xunit-file /home/dylan-george/ros2_ws/build/examples_rclcpp_minimal_action_server/test_results/examples_rclcpp_minimal_action_server/cppcheck.xunit.xml
cppcheck 2.13.0 has known performance issues and therefore will not be used, set the AMENT_CPPCHECK_ALLOW_SLOW_VERSIONS environment variable to override this.
-- run_test.py: return code 0
-- run_test.py: verify result file '/home/dylan-george/ros2_ws/build/examples_rclcpp_minimal_action_server/test_results/examples_rclcpp_minimal_action_server/cppcheck.xunit.xml'
</Value>
				</Measurement>
			</Results>
			<Labels>
				<Label>cppcheck</Label>
				<Label>linter</Label>
			</Labels>
		</Test>
		<Test Status="passed">
			<Name>cpplint</Name>
			<Path>.</Path>
			<FullName>./cpplint</FullName>
			<FullCommandLine>/usr/bin/python3 "-u" "/opt/ros/jazzy/share/ament_cmake_test/cmake/run_test.py" "/home/dylan-george/ros2_ws/build/examples_rclcpp_minimal_action_server/test_results/examples_rclcpp_minimal_action_server/cpplint.xunit.xml" "--package-name" "examples_rclcpp_minimal_action_server" "--output-file" "/home/dylan-george/ros2_ws/build/examples_rclcpp_minimal_action_server/ament_cpplint/cpplint.txt" "--command" "/opt/ros/jazzy/bin/ament_cpplint" "--xunit-file" "/home/dylan-george/ros2_ws/build/examples_rclcpp_minimal_action_server/test_results/examples_rclcpp_minimal_action_server/cpplint.xunit.xml"</FullCommandLine>
			<Results>
				<NamedMeasurement type="numeric/double" name="Execution Time">
					<Value>0.560913</Value>
				</NamedMeasurement>
				<NamedMeasurement type="numeric/double" name="Processors">
					<Value>1</Value>
				</NamedMeasurement>
				<NamedMeasurement type="text/string" name="Completion Status">
					<Value>Completed</Value>
				</NamedMeasurement>
				<NamedMeasurement type="text/string" name="Command Line">
					<Value>/usr/bin/python3 "-u" "/opt/ros/jazzy/share/ament_cmake_test/cmake/run_test.py" "/home/dylan-george/ros2_ws/build/examples_rclcpp_minimal_action_server/test_results/examples_rclcpp_minimal_action_server/cpplint.xunit.xml" "--package-name" "examples_rclcpp_minimal_action_server" "--output-file" "/home/dylan-george/ros2_ws/build/examples_rclcpp_minimal_action_server/ament_cpplint/cpplint.txt" "--command" "/opt/ros/jazzy/bin/ament_cpplint" "--xunit-file" "/home/dylan-george/ros2_ws/build/examples_rclcpp_minimal_action_server/test_results/examples_rclcpp_minimal_action_server/cpplint.xunit.xml"</Value>
				</NamedMeasurement>
				<NamedMeasurement type="text/string" name="Environment">
					<Value>#CTEST_RESOURCE_GROUP_COUNT=</Value>
				</NamedMeasurement>
				<Measurement>
					<Value>-- run_test.py: invoking following command in '/home/dylan-george/ros2_ws/src/examples/rclcpp/actions/minimal_action_server':
 - /opt/ros/jazzy/bin/ament_cpplint --xunit-file /home/dylan-george/ros2_ws/build/examples_rclcpp_minimal_action_server/test_results/examples_rclcpp_minimal_action_server/cpplint.xunit.xml
Using '--root=..' argument

Done processing /home/dylan-george/ros2_ws/src/examples/rclcpp/actions/minimal_action_server/member_functions.cpp

Done processing /home/dylan-george/ros2_ws/src/examples/rclcpp/actions/minimal_action_server/not_composable.cpp

No problems found
-- run_test.py: return code 0
-- run_test.py: verify result file '/home/dylan-george/ros2_ws/build/examples_rclcpp_minimal_action_server/test_results/examples_rclcpp_minimal_action_server/cpplint.xunit.xml'
</Value>
				</Measurement>
			</Results>
			<Labels>
				<Label>cpplint</Label>
				<Label>linter</Label>
			</Labels>
		</Test>
		<Test Status="passed">
			<Name>lint_cmake</Name>
			<Path>.</Path>
			<FullName>./lint_cmake</FullName>
			<FullCommandLine>/usr/bin/python3 "-u" "/opt/ros/jazzy/share/ament_cmake_test/cmake/run_test.py" "/home/dylan-george/ros2_ws/build/examples_rclcpp_minimal_action_server/test_results/examples_rclcpp_minimal_action_server/lint_cmake.xunit.xml" "--package-name" "examples_rclcpp_minimal_action_server" "--output-file" "/home/dylan-george/ros2_ws/build/examples_rclcpp_minimal_action_server/ament_lint_cmake/lint_cmake.txt" "--command" "/opt/ros/jazzy/bin/ament_lint_cmake" "--xunit-file" "/home/dylan-george/ros2_ws/build/examples_rclcpp_minimal_action_server/test_results/examples_rclcpp_minimal_action_server/lint_cmake.xunit.xml"</FullCommandLine>
			<Results>
				<NamedMeasurement type="numeric/double" name="Execution Time">
					<Value>0.445645</Value>
				</NamedMeasurement>
				<NamedMeasurement type="numeric/double" name="Processors">
					<Value>1</Value>
				</NamedMeasurement>
				<NamedMeasurement type="text/string" name="Completion Status">
					<Value>Completed</Value>
				</NamedMeasurement>
				<NamedMeasurement type="text/string" name="Command Line">
					<Value>/usr/bin/python3 "-u" "/opt/ros/jazzy/share/ament_cmake_test/cmake/run_test.py" "/home/dylan-george/ros2_ws/build/examples_rclcpp_minimal_action_server/test_results/examples_rclcpp_minimal_action_server/lint_cmake.xunit.xml" "--package-name" "examples_rclcpp_minimal_action_server" "--output-file" "/home/dylan-george/ros2_ws/build/examples_rclcpp_minimal_action_server/ament_lint_cmake/lint_cmake.txt" "--command" "/opt/ros/jazzy/bin/ament_lint_cmake" "--xunit-file" "/home/dylan-george/ros2_ws/build/examples_rclcpp_minimal_action_server/test_results/examples_rclcpp_minimal_action_server/lint_cmake.xunit.xml"</Value>
				</NamedMeasurement>
				<NamedMeasurement type="text/string" name="Environment">
					<Value>#CTEST_RESOURCE_GROUP_COUNT=</Value>
				</NamedMeasurement>
				<Measurement>
					<Value>-- run_test.py: invoking following command in '/home/dylan-george/ros2_ws/src/examples/rclcpp/actions/minimal_action_server':
 - /opt/ros/jazzy/bin/ament_lint_cmake --xunit-file /home/dylan-george/ros2_ws/build/examples_rclcpp_minimal_action_server/test_results/examples_rclcpp_minimal_action_server/lint_cmake.xunit.xml

No problems found
-- run_test.py: return code 0
-- run_test.py: verify result file '/home/dylan-george/ros2_ws/build/examples_rclcpp_minimal_action_server/test_results/examples_rclcpp_minimal_action_server/lint_cmake.xunit.xml'
</Value>
				</Measurement>
			</Results>
			<Labels>
				<Label>lint_cmake</Label>
				<Label>linter</Label>
			</Labels>
		</Test>
		<Test Status="passed">
			<Name>uncrustify</Name>
			<Path>.</Path>
			<FullName>./uncrustify</FullName>
			<FullCommandLine>/usr/bin/python3 "-u" "/opt/ros/jazzy/share/ament_cmake_test/cmake/run_test.py" "/home/dylan-george/ros2_ws/build/examples_rclcpp_minimal_action_server/test_results/examples_rclcpp_minimal_action_server/uncrustify.xunit.xml" "--package-name" "examples_rclcpp_minimal_action_server" "--output-file" "/home/dylan-george/ros2_ws/build/examples_rclcpp_minimal_action_server/ament_uncrustify/uncrustify.txt" "--command" "/opt/ros/jazzy/bin/ament_uncrustify" "--xunit-file" "/home/dylan-george/ros2_ws/build/examples_rclcpp_minimal_action_server/test_results/examples_rclcpp_minimal_action_server/uncrustify.xunit.xml"</FullCommandLine>
			<Results>
				<NamedMeasurement type="numeric/double" name="Execution Time">
					<Value>0.426967</Value>
				</NamedMeasurement>
				<NamedMeasurement type="numeric/double" name="Processors">
					<Value>1</Value>
				</NamedMeasurement>
				<NamedMeasurement type="text/string" name="Completion Status">
					<Value>Completed</Value>
				</NamedMeasurement>
				<NamedMeasurement type="text/string" name="Command Line">
					<Value>/usr/bin/python3 "-u" "/opt/ros/jazzy/share/ament_cmake_test/cmake/run_test.py" "/home/dylan-george/ros2_ws/build/examples_rclcpp_minimal_action_server/test_results/examples_rclcpp_minimal_action_server/uncrustify.xunit.xml" "--package-name" "examples_rclcpp_minimal_action_server" "--output-file" "/home/dylan-george/ros2_ws/build/examples_rclcpp_minimal_action_server/ament_uncrustify/uncrustify.txt" "--command" "/opt/ros/jazzy/bin/ament_uncrustify" "--xunit-file" "/home/dylan-george/ros2_ws/build/examples_rclcpp_minimal_action_server/test_results/examples_rclcpp_minimal_action_server/uncrustify.xunit.xml"</Value>
				</NamedMeasurement>
				<NamedMeasurement type="text/string" name="Environment">
					<Value>#CTEST_RESOURCE_GROUP_COUNT=</Value>
				</NamedMeasurement>
				<Measurement>
					<Value>-- run_test.py: invoking following command in '/home/dylan-george/ros2_ws/src/examples/rclcpp/actions/minimal_action_server':
 - /opt/ros/jazzy/bin/ament_uncrustify --xunit-file /home/dylan-george/ros2_ws/build/examples_rclcpp_minimal_action_server/test_results/examples_rclcpp_minimal_action_server/uncrustify.xunit.xml
No code style divergence in file 'member_functions.cpp'

No code style divergence in file 'not_composable.cpp'

No problems found
-- run_test.py: return code 0
-- run_test.py: verify result file '/home/dylan-george/ros2_ws/build/examples_rclcpp_minimal_action_server/test_results/examples_rclcpp_minimal_action_server/uncrustify.xunit.xml'
</Value>
				</Measurement>
			</Results>
			<Labels>
				<Label>linter</Label>
				<Label>uncrustify</Label>
			</Labels>
		</Test>
		<Test Status="passed">
			<Name>xmllint</Name>
			<Path>.</Path>
			<FullName>./xmllint</FullName>
			<FullCommandLine>/usr/bin/python3 "-u" "/opt/ros/jazzy/share/ament_cmake_test/cmake/run_test.py" "/home/dylan-george/ros2_ws/build/examples_rclcpp_minimal_action_server/test_results/examples_rclcpp_minimal_action_server/xmllint.xunit.xml" "--package-name" "examples_rclcpp_minimal_action_server" "--output-file" "/home/dylan-george/ros2_ws/build/examples_rclcpp_minimal_action_server/ament_xmllint/xmllint.txt" "--command" "/opt/ros/jazzy/bin/ament_xmllint" "--xunit-file" "/home/dylan-george/ros2_ws/build/examples_rclcpp_minimal_action_server/test_results/examples_rclcpp_minimal_action_server/xmllint.xunit.xml"</FullCommandLine>
			<Results>
				<NamedMeasurement type="numeric/double" name="Execution Time">
					<Value>2.17783</Value>
				</NamedMeasurement>
				<NamedMeasurement type="numeric/double" name="Processors">
					<Value>1</Value>
				</NamedMeasurement>
				<NamedMeasurement type="text/string" name="Completion Status">
					<Value>Completed</Value>
				</NamedMeasurement>
				<NamedMeasurement type="text/string" name="Command Line">
					<Value>/usr/bin/python3 "-u" "/opt/ros/jazzy/share/ament_cmake_test/cmake/run_test.py" "/home/dylan-george/ros2_ws/build/examples_rclcpp_minimal_action_server/test_results/examples_rclcpp_minimal_action_server/xmllint.xunit.xml" "--package-name" "examples_rclcpp_minimal_action_server" "--output-file" "/home/dylan-george/ros2_ws/build/examples_rclcpp_minimal_action_server/ament_xmllint/xmllint.txt" "--command" "/opt/ros/jazzy/bin/ament_xmllint" "--xunit-file" "/home/dylan-george/ros2_ws/build/examples_rclcpp_minimal_action_server/test_results/examples_rclcpp_minimal_action_server/xmllint.xunit.xml"</Value>
				</NamedMeasurement>
				<NamedMeasurement type="text/string" name="Environment">
					<Value>#CTEST_RESOURCE_GROUP_COUNT=</Value>
				</NamedMeasurement>
				<Measurement>
					<Value>-- run_test.py: invoking following command in '/home/dylan-george/ros2_ws/src/examples/rclcpp/actions/minimal_action_server':
 - /opt/ros/jazzy/bin/ament_xmllint --xunit-file /home/dylan-george/ros2_ws/build/examples_rclcpp_minimal_action_server/test_results/examples_rclcpp_minimal_action_server/xmllint.xunit.xml
File 'package.xml' is valid

No problems found
-- run_test.py: return code 0
-- run_test.py: verify result file '/home/dylan-george/ros2_ws/build/examples_rclcpp_minimal_action_server/test_results/examples_rclcpp_minimal_action_server/xmllint.xunit.xml'
</Value>
				</Measurement>
			</Results>
			<Labels>
				<Label>linter</Label>
				<Label>xmllint</Label>
			</Labels>
		</Test>
		<EndDateTime>Aug 25 19:43 AEST</EndDateTime>
		<EndTestTime>1756115001</EndTestTime>
		<ElapsedMinutes>0</ElapsedMinutes>
	</Testing>
</Site>
