<?xml version="1.0" encoding="utf-8"?><testsuites><testsuite name="pytest" errors="0" failures="0" skipped="0" tests="9" time="44.882" timestamp="2025-08-25T19:43:29.239683" hostname="dylan-george-HP-ENVY-Laptop-13-aq1xxx"><testcase classname="launch_testing_examples.launch_testing_examples.check_msgs_launch_test" name="launch_testing_examples.check_msgs_launch_test" time="1.235" /><testcase classname="launch_testing_examples.launch_testing_examples.check_multiple_nodes_launch_test" name="launch_testing_examples.check_multiple_nodes_launch_test" time="32.116" /><testcase classname="launch_testing_examples.launch_testing_examples.check_node_launch_test" name="launch_testing_examples.check_node_launch_test" time="5.691" /><testcase classname="launch_testing_examples.launch_testing_examples.hello_world_launch_test" name="launch_testing_examples.hello_world_launch_test" time="0.020" /><testcase classname="launch_testing_examples.launch_testing_examples.record_rosbag_launch_test" name="launch_testing_examples.record_rosbag_launch_test" time="3.391" /><testcase classname="launch_testing_examples.launch_testing_examples.set_param_launch_test" name="launch_testing_examples.set_param_launch_test" time="0.436" /><testcase classname="launch_testing_examples.test.test_copyright" name="test_copyright" time="0.879" /><testcase classname="launch_testing_examples.test.test_flake8" name="test_flake8" time="0.249" /><testcase classname="launch_testing_examples.test.test_pep257" name="test_pep257" time="0.044" /></testsuite></testsuites>